<?xml version="1.0" encoding="UTF-8"?>
<!-- Generated by org.testng.reporters.JUnitReportReporter -->
<testsuite skipped="0" hostname="DESKTOP-9APJJMU" name="com.mfno.ns.Hashmapformxls" tests="4" failures="0" timestamp="18 Jan 2020 07:19:47 GMT" time="0.010" errors="0">
  <testcase name="integrationTest" time="0.001" classname="com.mfno.ns.Hashmapformxls"/>
  <testcase name="integrationTest" time="0.001" classname="com.mfno.ns.Hashmapformxls"/>
  <testcase name="integrationTest" time="0.001" classname="com.mfno.ns.Hashmapformxls"/>
  <testcase name="integrationTest" time="0.007" classname="com.mfno.ns.Hashmapformxls"/>
</testsuite> <!-- com.mfno.ns.Hashmapformxls -->
