<?xml version="1.0" encoding="UTF-8"?>
<!-- Generated by org.testng.reporters.JUnitReportReporter -->
<testsuite skipped="0" hostname="DESKTOP-9APJJMU" name="com.mfno.ns.ScreenShot" tests="1" failures="0" timestamp="2020-01-20T16:42:06 IST" time="34.790" errors="0">
  <testcase name="iframes" time="34.790" classname="com.mfno.ns.ScreenShot"/>
</testsuite> <!-- com.mfno.ns.ScreenShot -->
