<?xml version="1.0" encoding="UTF-8"?>
<!-- Generated by org.testng.reporters.JUnitReportReporter -->
<testsuite skipped="0" hostname="DESKTOP-9APJJMU" name="com.mfno.ns.Handlemultiple" tests="1" failures="0" timestamp="2020-01-20T15:05:00 IST" time="28.343" errors="0">
  <testcase name="testmWindows" time="28.343" classname="com.mfno.ns.Handlemultiple"/>
</testsuite> <!-- com.mfno.ns.Handlemultiple -->
